{
  "numFailedTestSuites": 1,
  "numFailedTests": 2,
  "numPassedTests": 0,
  "numPendingTests": 0,
  "success": false,
  "testResults": [
    {
      "assertionResults": [],
      "console": [
        {
          "message": "setup tick",
          "origin": "setup",
          "type": "log"
        }
      ],
      "endTime": 1700000000500,
      "message": "SyntaxError: Unexpected token '}'\n    at /repo/src/broken.test.ts:3:1",
      "name": "/repo/src/broken.test.ts",
      "startTime": 1700000000000,
      "status": "failed"
    },
    {
      "assertionResults": [
        {
          "ancestorTitles": [
            "retry suite"
          ],
          "duration": 4,
          "failureMessages": [
            "\u001b[31mAssertionError: expected 1 to equal 2\u001b[39m\n    at /repo/node_modules/vitest/chunk.js:10:5\n    at /repo/src/retry.test.ts:42:5"
          ],
          "fullName": "retry suite flaky case",
          "location": {
            "column": 3,
            "line": 40
          },
          "retries": 2,
          "retryReasons": [
            "flaky"
          ],
          "status": "failed",
          "title": "flaky case"
        }
      ],
      "console": [
        {
          "message": "retry attempt 1",
          "type": "warn"
        },
        {
          "message": "retry attempt 2",
          "type": "error"
        }
      ],
      "endTime": 1700000002000,
      "message": "",
      "name": "/repo/src/retry.test.ts",
      "startTime": 1700000001000,
      "status": "failed"
    }
  ]
}
