{"numTotalTestSuites":5,"numPassedTestSuites":4,"numFailedTestSuites":1,"numPendingTestSuites":0,"numTotalTests":25,"numPassedTests":25,"numFailedTests":0,"numPendingTests":0,"numTodoTests":0,"snapshot":{"added":0,"failure":false,"filesAdded":0,"filesRemoved":0,"filesRemovedList":[],"filesUnmatched":0,"filesUpdated":0,"matched":0,"total":0,"unchecked":0,"uncheckedKeysByFile":[],"unmatched":0,"updated":0,"didUpdate":false},"startTime":1777008361339,"success":false,"testResults":[{"assertionResults":[],"startTime":1777008361339,"endTime":1777008361339,"status":"failed","message":"window is not defined","name":"/Users/moshe/go/src/github.com/flanksource/gavel/testrunner/ui/src/routes.test.ts"},{"assertionResults":[{"ancestorTitles":["formatCount"],"fullName":"formatCount formats 0 as 0","status":"passed","title":"formats 0 as 0","duration":0.640666999999894,"failureMessages":[],"meta":{}},{"ancestorTitles":["formatCount"],"fullName":"formatCount formats 1 as 1","status":"passed","title":"formats 1 as 1","duration":0.07733300000006693,"failureMessages":[],"meta":{}},{"ancestorTitles":["formatCount"],"fullName":"formatCount formats 42 as 42","status":"passed","title":"formats 42 as 42","duration":0.06808300000000145,"failureMessages":[],"meta":{}},{"ancestorTitles":["formatCount"],"fullName":"formatCount formats 999 as 999","status":"passed","title":"formats 999 as 999","duration":0.057790999999951964,"failureMessages":[],"meta":{}},{"ancestorTitles":["formatCount"],"fullName":"formatCount formats 1000 as 1k","status":"passed","title":"formats 1000 as 1k","duration":0.09562499999992724,"failureMessages":[],"meta":{}},{"ancestorTitles":["formatCount"],"fullName":"formatCount formats 1500 as 1.5k","status":"passed","title":"formats 1500 as 1.5k","duration":0.08604200000002038,"failureMessages":[],"meta":{}},{"ancestorTitles":["formatCount"],"fullName":"formatCount formats 1550 as 1.6k","status":"passed","title":"formats 1550 as 1.6k","duration":0.05470900000000256,"failureMessages":[],"meta":{}},{"ancestorTitles":["formatCount"],"fullName":"formatCount formats 9999 as 10k","status":"passed","title":"formats 9999 as 10k","duration":0.046082999999953245,"failureMessages":[],"meta":{}},{"ancestorTitles":["formatCount"],"fullName":"formatCount formats 10000 as 10k","status":"passed","title":"formats 10000 as 10k","duration":0.05375000000003638,"failureMessages":[],"meta":{}},{"ancestorTitles":["formatCount"],"fullName":"formatCount formats 12345 as 12k","status":"passed","title":"formats 12345 as 12k","duration":0.06283299999995506,"failureMessages":[],"meta":{}},{"ancestorTitles":["formatCount"],"fullName":"formatCount formats 99999 as 100k","status":"passed","title":"formats 99999 as 100k","duration":0.04679199999998218,"failureMessages":[],"meta":{}},{"ancestorTitles":["formatCount"],"fullName":"formatCount formats 100000 as 100k","status":"passed","title":"formats 100000 as 100k","duration":0.0491669999998976,"failureMessages":[],"meta":{}},{"ancestorTitles":["formatCount"],"fullName":"formatCount formats 999999 as 1000k","status":"passed","title":"formats 999999 as 1000k","duration":0.04491599999994378,"failureMessages":[],"meta":{}},{"ancestorTitles":["formatCount"],"fullName":"formatCount formats 1000000 as 1M","status":"passed","title":"formats 1000000 as 1M","duration":0.04612500000007458,"failureMessages":[],"meta":{}},{"ancestorTitles":["formatCount"],"fullName":"formatCount formats 1234567 as 1.2M","status":"passed","title":"formats 1234567 as 1.2M","duration":0.04250000000001819,"failureMessages":[],"meta":{}},{"ancestorTitles":["formatCount"],"fullName":"formatCount formats 12345678 as 12M","status":"passed","title":"formats 12345678 as 12M","duration":0.03966600000001108,"failureMessages":[],"meta":{}},{"ancestorTitles":["collapseSingleChildChains"],"fullName":"collapseSingleChildChains compresses a three-deep single-child chain into one node","status":"passed","title":"compresses a three-deep single-child chain into one node","duration":0.5212910000000193,"failureMessages":[],"meta":{}},{"ancestorTitles":["collapseSingleChildChains"],"fullName":"collapseSingleChildChains stops merging at the branch point when a node has siblings","status":"passed","title":"stops merging at the branch point when a node has siblings","duration":0.15091599999993832,"failureMessages":[],"meta":{}},{"ancestorTitles":["collapseSingleChildChains"],"fullName":"collapseSingleChildChains does not swallow a leaf that already carries a status into its parent","status":"passed","title":"does not swallow a leaf that already carries a status into its parent","duration":0.12687500000004093,"failureMessages":[],"meta":{}},{"ancestorTitles":["collapseSingleChildChains"],"fullName":"collapseSingleChildChains preserves the deepest node kind, file, and target_path","status":"passed","title":"preserves the deepest node kind, file, and target_path","duration":0.12533400000006623,"failureMessages":[],"meta":{}},{"ancestorTitles":["collapseSingleChildChains"],"fullName":"collapseSingleChildChains keeps multi-root trees independent","status":"passed","title":"keeps multi-root trees independent","duration":0.10666700000001583,"failureMessages":[],"meta":{}},{"ancestorTitles":["collapseSingleChildChains"],"fullName":"collapseSingleChildChains recurses into deeper subtrees after a branch","status":"passed","title":"recurses into deeper subtrees after a branch","duration":0.13295900000002803,"failureMessages":[],"meta":{}},{"ancestorTitles":["collapseSingleChildChains"],"fullName":"collapseSingleChildChains preserves linter and rule grouping while still collapsing folder chains","status":"passed","title":"preserves linter and rule grouping while still collapsing folder chains","duration":0.28587500000003274,"failureMessages":[],"meta":{}},{"ancestorTitles":["groupLintByLinterRuleFile"],"fullName":"groupLintByLinterRuleFile groups results by linter, then rule, then folder/file","status":"passed","title":"groups results by linter, then rule, then folder/file","duration":1.01299999999992,"failureMessages":[],"meta":{}},{"ancestorTitles":["groupLintByLinterRuleFile"],"fullName":"groupLintByLinterRuleFile keeps fileless violations on the rule group","status":"passed","title":"keeps fileless violations on the rule group","duration":0.4140419999999949,"failureMessages":[],"meta":{}}],"startTime":1777008361912,"endTime":1777008361916.414,"status":"passed","message":"","name":"/Users/moshe/go/src/github.com/flanksource/gavel/testrunner/ui/src/utils.test.ts"}]}